# JRE version: Java(TM) SE Runtime Environment (8.0_60-b27) (build 1.8.0_60-b27)
# Java VM: Java HotSpot(TM) 64-Bit Server VM (25.60-b23 mixed mode windows-amd64 compressed oops)
Heap:
 PSYoungGen      total 329216K, used 182463K [0x00000000eb300000, 0x00000000ffd80000, 0x0000000100000000)
  eden space 320000K, 56% used [0x00000000eb300000,0x00000000f651fe80,0x00000000feb80000)
  from space 9216K, 0% used [0x00000000ff480000,0x00000000ff490000,0x00000000ffd80000)
  to   space 9216K, 0% used [0x00000000feb80000,0x00000000feb80000,0x00000000ff480000)
 ParOldGen       total 66048K, used 33020K [0x00000000c1800000, 0x00000000c5880000, 0x00000000eb300000)
  object space 66048K, 49% used [0x00000000c1800000,0x00000000c383f2e8,0x00000000c5880000)
 Metaspace       used 5162K, capacity 5316K, committed 5504K, reserved 1056768K
  class space    used 580K, capacity 638K, committed 640K, reserved 1048576K
GC Heap History (10 events):
Event: 5.283 GC heap before
{Heap before GC invocations=25 (full 1):
 PSYoungGen      total 325120K, used 311904K [0x00000000eb300000, 0x00000000fff00000, 0x0000000100000000)
  eden space 311808K, 100% used [0x00000000eb300000,0x00000000fe380000,0x00000000fe380000)
  from space 13312K, 0% used [0x00000000fe380000,0x00000000fe398000,0x00000000ff080000)
  to   space 12800K, 0% used [0x00000000ff280000,0x00000000ff280000,0x00000000fff00000)
 ParOldGen       total 66048K, used 33020K [0x00000000c1800000, 0x00000000c5880000, 0x00000000eb300000)
  object space 66048K, 49% used [0x00000000c1800000,0x00000000c383f2e8,0x00000000c5880000)
 Metaspace       used 4822K, capacity 5002K, committed 5248K, reserved 1056768K
  class space    used 541K, capacity 594K, committed 640K, reserved 1048576K
Event: 5.284 GC heap after
Heap after GC invocations=25 (full 1):
 PSYoungGen      total 327168K, used 96K [0x00000000eb300000, 0x00000000ffe80000, 0x0000000100000000)
  eden space 314880K, 0% used [0x00000000eb300000,0x00000000eb300000,0x00000000fe680000)
  from space 12288K, 0% used [0x00000000ff280000,0x00000000ff298000,0x00000000ffe80000)
  to   space 12288K, 0% used [0x00000000fe680000,0x00000000fe680000,0x00000000ff280000)
 ParOldGen       total 66048K, used 33020K [0x00000000c1800000, 0x00000000c5880000, 0x00000000eb300000)
  object space 66048K, 49% used [0x00000000c1800000,0x00000000c383f2e8,0x00000000c5880000)
 Metaspace       used 4822K, capacity 5002K, committed 5248K, reserved 1056768K
  class space    used 541K, capacity 594K, committed 640K, reserved 1048576K
}
Event: 5.393 GC heap before
{Heap before GC invocations=26 (full 1):
 PSYoungGen      total 327168K, used 314976K [0x00000000eb300000, 0x00000000ffe80000, 0x0000000100000000)
  eden space 314880K, 100% used [0x00000000eb300000,0x00000000fe680000,0x00000000fe680000)
  from space 12288K, 0% used [0x00000000ff280000,0x00000000ff298000,0x00000000ffe80000)
  to   space 12288K, 0% used [0x00000000fe680000,0x00000000fe680000,0x00000000ff280000)
 ParOldGen       total 66048K, used 33020K [0x00000000c1800000, 0x00000000c5880000, 0x00000000eb300000)
  object space 66048K, 49% used [0x00000000c1800000,0x00000000c383f2e8,0x00000000c5880000)
 Metaspace       used 4822K, capacity 5002K, committed 5248K, reserved 1056768K
  class space    used 541K, capacity 594K, committed 640K, reserved 1048576K
Event: 5.393 GC heap after
Heap after GC invocations=26 (full 1):
 PSYoungGen      total 327168K, used 96K [0x00000000eb300000, 0x00000000ffe00000, 0x0000000100000000)
  eden space 314880K, 0% used [0x00000000eb300000,0x00000000eb300000,0x00000000fe680000)
  from space 12288K, 0% used [0x00000000fe680000,0x00000000fe698000,0x00000000ff280000)
  to   space 11264K, 0% used [0x00000000ff300000,0x00000000ff300000,0x00000000ffe00000)
 ParOldGen       total 66048K, used 33020K [0x00000000c1800000, 0x00000000c5880000, 0x00000000eb300000)
  object space 66048K, 49% used [0x00000000c1800000,0x00000000c383f2e8,0x00000000c5880000)
 Metaspace       used 4822K, capacity 5002K, committed 5248K, reserved 1056768K
  class space    used 541K, capacity 594K, committed 640K, reserved 1048576K
}
Event: 5.501 GC heap before
{Heap before GC invocations=27 (full 1):
 PSYoungGen      total 327168K, used 314976K [0x00000000eb300000, 0x00000000ffe00000, 0x0000000100000000)
  eden space 314880K, 100% used [0x00000000eb300000,0x00000000fe680000,0x00000000fe680000)
  from space 12288K, 0% used [0x00000000fe680000,0x00000000fe698000,0x00000000ff280000)
  to   space 11264K, 0% used [0x00000000ff300000,0x00000000ff300000,0x00000000ffe00000)
 ParOldGen       total 66048K, used 33020K [0x00000000c1800000, 0x00000000c5880000, 0x00000000eb300000)
  object space 66048K, 49% used [0x00000000c1800000,0x00000000c383f2e8,0x00000000c5880000)
 Metaspace       used 4822K, capacity 5002K, committed 5248K, reserved 1056768K
  class space    used 541K, capacity 594K, committed 640K, reserved 1048576K
Event: 5.502 GC heap after
Heap after GC invocations=27 (full 1):
 PSYoungGen      total 328192K, used 96K [0x00000000eb300000, 0x00000000ffe00000, 0x0000000100000000)
  eden space 316928K, 0% used [0x00000000eb300000,0x00000000eb300000,0x00000000fe880000)
  from space 11264K, 0% used [0x00000000ff300000,0x00000000ff318000,0x00000000ffe00000)
  to   space 10752K, 0% used [0x00000000fe880000,0x00000000fe880000,0x00000000ff300000)
 ParOldGen       total 66048K, used 33020K [0x00000000c1800000, 0x00000000c5880000, 0x00000000eb300000)
  object space 66048K, 49% used [0x00000000c1800000,0x00000000c383f2e8,0x00000000c5880000)
 Metaspace       used 4822K, capacity 5002K, committed 5248K, reserved 1056768K
  class space    used 541K, capacity 594K, committed 640K, reserved 1048576K
}
Event: 5.616 GC heap before
{Heap before GC invocations=28 (full 1):
 PSYoungGen      total 328192K, used 317024K [0x00000000eb300000, 0x00000000ffe00000, 0x0000000100000000)
  eden space 316928K, 100% used [0x00000000eb300000,0x00000000fe880000,0x00000000fe880000)
  from space 11264K, 0% used [0x00000000ff300000,0x00000000ff318000,0x00000000ffe00000)
  to   space 10752K, 0% used [0x00000000fe880000,0x00000000fe880000,0x00000000ff300000)
 ParOldGen       total 66048K, used 33020K [0x00000000c1800000, 0x00000000c5880000, 0x00000000eb300000)
  object space 66048K, 49% used [0x00000000c1800000,0x00000000c383f2e8,0x00000000c5880000)
 Metaspace       used 4822K, capacity 5002K, committed 5248K, reserved 1056768K
  class space    used 541K, capacity 594K, committed 640K, reserved 1048576K
Event: 5.617 GC heap after
Heap after GC invocations=28 (full 1):
 PSYoungGen      total 327680K, used 64K [0x00000000eb300000, 0x00000000ffe80000, 0x0000000100000000)
  eden space 316928K, 0% used [0x00000000eb300000,0x00000000eb300000,0x00000000fe880000)
  from space 10752K, 0% used [0x00000000fe880000,0x00000000fe890000,0x00000000ff300000)
  to   space 10240K, 0% used [0x00000000ff480000,0x00000000ff480000,0x00000000ffe80000)
 ParOldGen       total 66048K, used 33020K [0x00000000c1800000, 0x00000000c5880000, 0x00000000eb300000)
  object space 66048K, 49% used [0x00000000c1800000,0x00000000c383f2e8,0x00000000c5880000)
 Metaspace       used 4822K, capacity 5002K, committed 5248K, reserved 1056768K
  class space    used 541K, capacity 594K, committed 640K, reserved 1048576K
}
Event: 5.805 GC heap before
{Heap before GC invocations=29 (full 1):
 PSYoungGen      total 327680K, used 316992K [0x00000000eb300000, 0x00000000ffe80000, 0x0000000100000000)
  eden space 316928K, 100% used [0x00000000eb300000,0x00000000fe880000,0x00000000fe880000)
  from space 10752K, 0% used [0x00000000fe880000,0x00000000fe890000,0x00000000ff300000)
  to   space 10240K, 0% used [0x00000000ff480000,0x00000000ff480000,0x00000000ffe80000)
 ParOldGen       total 66048K, used 33020K [0x00000000c1800000, 0x00000000c5880000, 0x00000000eb300000)
  object space 66048K, 49% used [0x00000000c1800000,0x00000000c383f2e8,0x00000000c5880000)
 Metaspace       used 4822K, capacity 5002K, committed 5248K, reserved 1056768K
  class space    used 541K, capacity 594K, committed 640K, reserved 1048576K
Event: 5.806 GC heap after
Heap after GC invocations=29 (full 1):
 PSYoungGen      total 329216K, used 64K [0x00000000eb300000, 0x00000000ffd80000, 0x0000000100000000)
  eden space 320000K, 0% used [0x00000000eb300000,0x00000000eb300000,0x00000000feb80000)
  from space 9216K, 0% used [0x00000000ff480000,0x00000000ff490000,0x00000000ffd80000)
  to   space 9216K, 0% used [0x00000000feb80000,0x00000000feb80000,0x00000000ff480000)
 ParOldGen       total 66048K, used 33020K [0x00000000c1800000, 0x00000000c5880000, 0x00000000eb300000)
  object space 66048K, 49% used [0x00000000c1800000,0x00000000c383f2e8,0x00000000c5880000)
 Metaspace       used 4822K, capacity 5002K, committed 5248K, reserved 1056768K
  class space    used 541K, capacity 594K, committed 640K, reserved 1048576K
}

