# JRE version: Java(TM) SE Runtime Environment (8.0_60-b27) (build 1.8.0_60-b27)
# Java VM: Java HotSpot(TM) 64-Bit Server VM (25.60-b23 mixed mode windows-amd64 compressed oops)
Heap:
 PSYoungGen      total 178688K, used 37158K [0x00000000eb300000, 0x00000000f6380000, 0x0000000100000000)
  eden space 176640K, 21% used [0x00000000eb300000,0x00000000ed739a28,0x00000000f5f80000)
  from space 2048K, 3% used [0x00000000f6180000,0x00000000f6190000,0x00000000f6380000)
  to   space 2048K, 0% used [0x00000000f5f80000,0x00000000f5f80000,0x00000000f6180000)
 ParOldGen       total 77312K, used 33027K [0x00000000c1800000, 0x00000000c6380000, 0x00000000eb300000)
  object space 77312K, 42% used [0x00000000c1800000,0x00000000c3840d98,0x00000000c6380000)
 Metaspace       used 4910K, capacity 5082K, committed 5248K, reserved 1056768K
  class space    used 554K, capacity 600K, committed 640K, reserved 1048576K
GC Heap History (10 events):
Event: 4.651 GC heap before
{Heap before GC invocations=41 (full 1):
 PSYoungGen      total 174592K, used 171072K [0x00000000eb300000, 0x00000000f6200000, 0x0000000100000000)
  eden space 171008K, 100% used [0x00000000eb300000,0x00000000f5a00000,0x00000000f5a00000)
  from space 3584K, 1% used [0x00000000f5a00000,0x00000000f5a10000,0x00000000f5d80000)
  to   space 3072K, 0% used [0x00000000f5f00000,0x00000000f5f00000,0x00000000f6200000)
 ParOldGen       total 77312K, used 33027K [0x00000000c1800000, 0x00000000c6380000, 0x00000000eb300000)
  object space 77312K, 42% used [0x00000000c1800000,0x00000000c3840d98,0x00000000c6380000)
 Metaspace       used 4823K, capacity 5002K, committed 5248K, reserved 1056768K
  class space    used 541K, capacity 594K, committed 640K, reserved 1048576K
Event: 4.652 GC heap after
Heap after GC invocations=41 (full 1):
 PSYoungGen      total 176128K, used 64K [0x00000000eb300000, 0x00000000f6200000, 0x0000000100000000)
  eden space 173056K, 0% used [0x00000000eb300000,0x00000000eb300000,0x00000000f5c00000)
  from space 3072K, 2% used [0x00000000f5f00000,0x00000000f5f10000,0x00000000f6200000)
  to   space 3072K, 0% used [0x00000000f5c00000,0x00000000f5c00000,0x00000000f5f00000)
 ParOldGen       total 77312K, used 33027K [0x00000000c1800000, 0x00000000c6380000, 0x00000000eb300000)
  object space 77312K, 42% used [0x00000000c1800000,0x00000000c3840d98,0x00000000c6380000)
 Metaspace       used 4823K, capacity 5002K, committed 5248K, reserved 1056768K
  class space    used 541K, capacity 594K, committed 640K, reserved 1048576K
}
Event: 4.706 GC heap before
{Heap before GC invocations=42 (full 1):
 PSYoungGen      total 176128K, used 173120K [0x00000000eb300000, 0x00000000f6200000, 0x0000000100000000)
  eden space 173056K, 100% used [0x00000000eb300000,0x00000000f5c00000,0x00000000f5c00000)
  from space 3072K, 2% used [0x00000000f5f00000,0x00000000f5f10000,0x00000000f6200000)
  to   space 3072K, 0% used [0x00000000f5c00000,0x00000000f5c00000,0x00000000f5f00000)
 ParOldGen       total 77312K, used 33027K [0x00000000c1800000, 0x00000000c6380000, 0x00000000eb300000)
  object space 77312K, 42% used [0x00000000c1800000,0x00000000c3840d98,0x00000000c6380000)
 Metaspace       used 4823K, capacity 5002K, committed 5248K, reserved 1056768K
  class space    used 541K, capacity 594K, committed 640K, reserved 1048576K
Event: 4.706 GC heap after
Heap after GC invocations=42 (full 1):
 PSYoungGen      total 176128K, used 96K [0x00000000eb300000, 0x00000000f6280000, 0x0000000100000000)
  eden space 173056K, 0% used [0x00000000eb300000,0x00000000eb300000,0x00000000f5c00000)
  from space 3072K, 3% used [0x00000000f5c00000,0x00000000f5c18000,0x00000000f5f00000)
  to   space 2560K, 0% used [0x00000000f6000000,0x00000000f6000000,0x00000000f6280000)
 ParOldGen       total 77312K, used 33027K [0x00000000c1800000, 0x00000000c6380000, 0x00000000eb300000)
  object space 77312K, 42% used [0x00000000c1800000,0x00000000c3840d98,0x00000000c6380000)
 Metaspace       used 4823K, capacity 5002K, committed 5248K, reserved 1056768K
  class space    used 541K, capacity 594K, committed 640K, reserved 1048576K
}
Event: 4.759 GC heap before
{Heap before GC invocations=43 (full 1):
 PSYoungGen      total 176128K, used 173152K [0x00000000eb300000, 0x00000000f6280000, 0x0000000100000000)
  eden space 173056K, 100% used [0x00000000eb300000,0x00000000f5c00000,0x00000000f5c00000)
  from space 3072K, 3% used [0x00000000f5c00000,0x00000000f5c18000,0x00000000f5f00000)
  to   space 2560K, 0% used [0x00000000f6000000,0x00000000f6000000,0x00000000f6280000)
 ParOldGen       total 77312K, used 33027K [0x00000000c1800000, 0x00000000c6380000, 0x00000000eb300000)
  object space 77312K, 42% used [0x00000000c1800000,0x00000000c3840d98,0x00000000c6380000)
 Metaspace       used 4823K, capacity 5002K, committed 5248K, reserved 1056768K
  class space    used 541K, capacity 594K, committed 640K, reserved 1048576K
Event: 4.760 GC heap after
Heap after GC invocations=43 (full 1):
 PSYoungGen      total 177152K, used 96K [0x00000000eb300000, 0x00000000f6300000, 0x0000000100000000)
  eden space 174592K, 0% used [0x00000000eb300000,0x00000000eb300000,0x00000000f5d80000)
  from space 2560K, 3% used [0x00000000f6000000,0x00000000f6018000,0x00000000f6280000)
  to   space 2560K, 0% used [0x00000000f5d80000,0x00000000f5d80000,0x00000000f6000000)
 ParOldGen       total 77312K, used 33027K [0x00000000c1800000, 0x00000000c6380000, 0x00000000eb300000)
  object space 77312K, 42% used [0x00000000c1800000,0x00000000c3840d98,0x00000000c6380000)
 Metaspace       used 4823K, capacity 5002K, committed 5248K, reserved 1056768K
  class space    used 541K, capacity 594K, committed 640K, reserved 1048576K
}
Event: 4.817 GC heap before
{Heap before GC invocations=44 (full 1):
 PSYoungGen      total 177152K, used 174688K [0x00000000eb300000, 0x00000000f6300000, 0x0000000100000000)
  eden space 174592K, 100% used [0x00000000eb300000,0x00000000f5d80000,0x00000000f5d80000)
  from space 2560K, 3% used [0x00000000f6000000,0x00000000f6018000,0x00000000f6280000)
  to   space 2560K, 0% used [0x00000000f5d80000,0x00000000f5d80000,0x00000000f6000000)
 ParOldGen       total 77312K, used 33027K [0x00000000c1800000, 0x00000000c6380000, 0x00000000eb300000)
  object space 77312K, 42% used [0x00000000c1800000,0x00000000c3840d98,0x00000000c6380000)
 Metaspace       used 4823K, capacity 5002K, committed 5248K, reserved 1056768K
  class space    used 541K, capacity 594K, committed 640K, reserved 1048576K
Event: 4.818 GC heap after
Heap after GC invocations=44 (full 1):
 PSYoungGen      total 177152K, used 64K [0x00000000eb300000, 0x00000000f6400000, 0x0000000100000000)
  eden space 174592K, 0% used [0x00000000eb300000,0x00000000eb300000,0x00000000f5d80000)
  from space 2560K, 2% used [0x00000000f5d80000,0x00000000f5d90000,0x00000000f6000000)
  to   space 2560K, 0% used [0x00000000f6180000,0x00000000f6180000,0x00000000f6400000)
 ParOldGen       total 77312K, used 33027K [0x00000000c1800000, 0x00000000c6380000, 0x00000000eb300000)
  object space 77312K, 42% used [0x00000000c1800000,0x00000000c3840d98,0x00000000c6380000)
 Metaspace       used 4823K, capacity 5002K, committed 5248K, reserved 1056768K
  class space    used 541K, capacity 594K, committed 640K, reserved 1048576K
}
Event: 4.882 GC heap before
{Heap before GC invocations=45 (full 1):
 PSYoungGen      total 177152K, used 174656K [0x00000000eb300000, 0x00000000f6400000, 0x0000000100000000)
  eden space 174592K, 100% used [0x00000000eb300000,0x00000000f5d80000,0x00000000f5d80000)
  from space 2560K, 2% used [0x00000000f5d80000,0x00000000f5d90000,0x00000000f6000000)
  to   space 2560K, 0% used [0x00000000f6180000,0x00000000f6180000,0x00000000f6400000)
 ParOldGen       total 77312K, used 33027K [0x00000000c1800000, 0x00000000c6380000, 0x00000000eb300000)
  object space 77312K, 42% used [0x00000000c1800000,0x00000000c3840d98,0x00000000c6380000)
 Metaspace       used 4823K, capacity 5002K, committed 5248K, reserved 1056768K
  class space    used 541K, capacity 594K, committed 640K, reserved 1048576K
Event: 4.883 GC heap after
Heap after GC invocations=45 (full 1):
 PSYoungGen      total 178688K, used 64K [0x00000000eb300000, 0x00000000f6380000, 0x0000000100000000)
  eden space 176640K, 0% used [0x00000000eb300000,0x00000000eb300000,0x00000000f5f80000)
  from space 2048K, 3% used [0x00000000f6180000,0x00000000f6190000,0x00000000f6380000)
  to   space 2048K, 0% used [0x00000000f5f80000,0x00000000f5f80000,0x00000000f6180000)
 ParOldGen       total 77312K, used 33027K [0x00000000c1800000, 0x00000000c6380000, 0x00000000eb300000)
  object space 77312K, 42% used [0x00000000c1800000,0x00000000c3840d98,0x00000000c6380000)
 Metaspace       used 4823K, capacity 5002K, committed 5248K, reserved 1056768K
  class space    used 541K, capacity 594K, committed 640K, reserved 1048576K
}

